{"synthetic": false,
 "schemaVersion": "2025-09-10",
 "outputs":
 {"o": ["41dd0fb4d81d5269.olean"],
  "i": "14d0ca5779d1e880.ilean",
  "c": "cacdecdb27536b33.c"},
 "log":
 [{"message":
   ".> LEAN_PATH=/home/haniel/Projects/lean-logic-dsl/.lake/build/lib/lean /home/haniel/.elan/toolchains/leanprover--lean4---v4.29.1/bin/lean /home/haniel/Projects/lean-logic-dsl/PropLogicDSL/PrettyPrint.lean -o /home/haniel/Projects/lean-logic-dsl/.lake/build/lib/lean/PropLogicDSL/PrettyPrint.olean -i /home/haniel/Projects/lean-logic-dsl/.lake/build/lib/lean/PropLogicDSL/PrettyPrint.ilean -c /home/haniel/Projects/lean-logic-dsl/.lake/build/ir/PropLogicDSL/PrettyPrint.c --setup /home/haniel/Projects/lean-logic-dsl/.lake/build/ir/PropLogicDSL/PrettyPrint.setup.json --json",
   "level": "trace"}],
 "inputs":
 [["PropLogicDSL.PrettyPrint:deps",
   [["deps",
     [["«prop-logic-dsl»/PropLogicDSL:extraDep",
       [["@«prop-logic-dsl»:extraDep", "00000000000006bb"]]],
      ["imports",
       [["PropLogicDSL.Prop transitive imports (legacy)", "00000000000006bb"],
        ["PropLogicDSL.Prop:importAllArts", "3cafb7bc3e7ca770"]]]]],
    ["libs",
     [["import dynlibs", "00000000000006bb"],
      ["package external libraries", "00000000000006bb"],
      ["module dynlibs", "00000000000006bb"],
      ["module plugins", "00000000000006bb"]]]]],
  ["Lean 4.29.1, commit f72c35b3f637c8c6571d353742168ab66cc22c00",
   "fa77a35a41db35c0"],
  ["/home/haniel/Projects/lean-logic-dsl/PropLogicDSL/PrettyPrint.lean",
   "2f860833d00ac046"],
  ["options", "00000000000006bb"],
  ["isModule: false", "feefd2a0d3a1847e"],
  ["Module.name: PropLogicDSL.PrettyPrint", "dee9d020a290c9f2"],
  ["Package.id?: (some prop-logic-dsl)", "5fcc651b5d57612f"],
  ["Module.leanArgs: #[]", "00000000000006bb"]],
 "depHash": "ced1ba9b458a0f29"}