{"synthetic": false,
 "schemaVersion": "2025-09-10",
 "outputs":
 {"o": ["8c8081ee29fccd26.olean"],
  "i": "6ce187f285adf8d9.ilean",
  "c": "24717bf4505ea3a5.c"},
 "log":
 [{"message":
   ".> LEAN_PATH=/home/haniel/Projects/lean-logic-dsl/.lake/build/lib/lean /home/haniel/.elan/toolchains/leanprover--lean4---v4.29.1/bin/lean /home/haniel/Projects/lean-logic-dsl/PropLogicDSL/Prop.lean -o /home/haniel/Projects/lean-logic-dsl/.lake/build/lib/lean/PropLogicDSL/Prop.olean -i /home/haniel/Projects/lean-logic-dsl/.lake/build/lib/lean/PropLogicDSL/Prop.ilean -c /home/haniel/Projects/lean-logic-dsl/.lake/build/ir/PropLogicDSL/Prop.c --setup /home/haniel/Projects/lean-logic-dsl/.lake/build/ir/PropLogicDSL/Prop.setup.json --json",
   "level": "trace"}],
 "inputs":
 [["PropLogicDSL.Prop:deps",
   [["deps",
     [["«prop-logic-dsl»/PropLogicDSL:extraDep",
       [["@«prop-logic-dsl»:extraDep", "00000000000006bb"]]],
      ["imports", "00000000000006bb"]]],
    ["libs",
     [["import dynlibs", "00000000000006bb"],
      ["package external libraries", "00000000000006bb"],
      ["module dynlibs", "00000000000006bb"],
      ["module plugins", "00000000000006bb"]]]]],
  ["Lean 4.29.1, commit f72c35b3f637c8c6571d353742168ab66cc22c00",
   "fa77a35a41db35c0"],
  ["/home/haniel/Projects/lean-logic-dsl/PropLogicDSL/Prop.lean",
   "29712d8e35c69a52"],
  ["options", "00000000000006bb"],
  ["isModule: false", "feefd2a0d3a1847e"],
  ["Module.name: PropLogicDSL.Prop", "9e9f0a02d0f60868"],
  ["Package.id?: (some prop-logic-dsl)", "5fcc651b5d57612f"],
  ["Module.leanArgs: #[]", "00000000000006bb"]],
 "depHash": "14cbad434cb84bc7"}