{"synthetic": false,
 "schemaVersion": "2025-09-10",
 "outputs":
 {"o": ["fe5f7dada83edbbd.olean"],
  "i": "8acbd8cb5d20f329.ilean",
  "c": "831092699b32afb3.c"},
 "log":
 [{"message":
   ".> LEAN_PATH=/home/haniel/Projects/lean-logic-dsl/.lake/build/lib/lean /home/haniel/.elan/toolchains/leanprover--lean4---v4.29.1/bin/lean /home/haniel/Projects/lean-logic-dsl/PropLogicDSL/Semantics.lean -o /home/haniel/Projects/lean-logic-dsl/.lake/build/lib/lean/PropLogicDSL/Semantics.olean -i /home/haniel/Projects/lean-logic-dsl/.lake/build/lib/lean/PropLogicDSL/Semantics.ilean -c /home/haniel/Projects/lean-logic-dsl/.lake/build/ir/PropLogicDSL/Semantics.c --setup /home/haniel/Projects/lean-logic-dsl/.lake/build/ir/PropLogicDSL/Semantics.setup.json --json",
   "level": "trace"},
  {"message": "PropLogicDSL/Semantics.lean:64:8: declaration uses `sorry`",
   "level": "warning"}],
 "inputs":
 [["PropLogicDSL.Semantics:deps",
   [["deps",
     [["«prop-logic-dsl»/PropLogicDSL:extraDep",
       [["@«prop-logic-dsl»:extraDep", "00000000000006bb"]]],
      ["imports",
       [["PropLogicDSL.Prop transitive imports (legacy)", "00000000000006bb"],
        ["PropLogicDSL.Prop:importAllArts", "3cafb7bc3e7ca770"]]]]],
    ["libs",
     [["import dynlibs", "00000000000006bb"],
      ["package external libraries", "00000000000006bb"],
      ["module dynlibs", "00000000000006bb"],
      ["module plugins", "00000000000006bb"]]]]],
  ["Lean 4.29.1, commit f72c35b3f637c8c6571d353742168ab66cc22c00",
   "fa77a35a41db35c0"],
  ["/home/haniel/Projects/lean-logic-dsl/PropLogicDSL/Semantics.lean",
   "a20c3d750941c8ff"],
  ["options", "00000000000006bb"],
  ["isModule: false", "feefd2a0d3a1847e"],
  ["Module.name: PropLogicDSL.Semantics", "05b9772f9143914f"],
  ["Package.id?: (some prop-logic-dsl)", "5fcc651b5d57612f"],
  ["Module.leanArgs: #[]", "00000000000006bb"]],
 "depHash": "226c38905f9ae554"}